<?xml version="1.0" encoding="UTF-8"?>
<testng-results ignored="0" total="1" passed="1" failed="0" skipped="0">
  <reporter-output>
  </reporter-output>
  <suite started-at="2023-01-02T12:02:45 IST" name="Suite" finished-at="2023-01-02T12:03:00 IST" duration-ms="15192">
    <groups>
    </groups>
    <test started-at="2023-01-02T12:02:45 IST" name="Test" finished-at="2023-01-02T12:03:00 IST" duration-ms="15192">
      <class name="Google_TestCases.TC_VerifyText">
        <test-method signature="VerificationText()[pri:0, instance:Google_TestCases.TC_VerifyText@49d904ec]" started-at="2023-01-02T12:02:45 IST" name="VerificationText" finished-at="2023-01-02T12:03:00 IST" duration-ms="15113" status="PASS">
          <reporter-output>
          </reporter-output>
        </test-method> <!-- VerificationText -->
      </class> <!-- Google_TestCases.TC_VerifyText -->
    </test> <!-- Test -->
  </suite> <!-- Suite -->
</testng-results>
